情報: Serverのバージョン名:     Apache Tomcat/8.5.64 [土 5 22 22:43:10 JST 2021]
情報: Server ビルド:            Mar 4 2021 23:14:16 UTC [土 5 22 22:43:10 JST 2021]
情報: サーバーのバージョン番号: 8.5.64.0 [土 5 22 22:43:10 JST 2021]
情報: OS 名:                    Windows 10 [土 5 22 22:43:10 JST 2021]
情報: OS バージョン:            10.0 [土 5 22 22:43:10 JST 2021]
情報: アーキテクチャ:           amd64 [土 5 22 22:43:10 JST 2021]
情報: Java Home:                D:\Users\xyst\Desktop\pleiades\java\8\jre [土 5 22 22:43:10 JST 2021]
情報: JVM バージョン:           1.8.0_202-b08 [土 5 22 22:43:10 JST 2021]
情報: JVM ベンダ:               Oracle Corporation [土 5 22 22:43:10 JST 2021]
情報: CATALINA_BASE:            D:\LetsEngineer\curriculum\JavaStudy\.metadata\.plugins\org.eclipse.wst.server.core\tmp0 [土 5 22 22:43:10 JST 2021]
情報: CATALINA_HOME:            D:\Users\xyst\Desktop\pleiades\tomcat\8 [土 5 22 22:43:10 JST 2021]
情報: コマンドライン引数:       -Dcatalina.base=D:\LetsEngineer\curriculum\JavaStudy\.metadata\.plugins\org.eclipse.wst.server.core\tmp0 [土 5 22 22:43:10 JST 2021]
情報: コマンドライン引数:       -Dcatalina.home=D:\Users\xyst\Desktop\pleiades\tomcat\8 [土 5 22 22:43:10 JST 2021]
情報: コマンドライン引数:       -Dwtp.deploy=D:\LetsEngineer\curriculum\JavaStudy\.metadata\.plugins\org.eclipse.wst.server.core\tmp0\wtpwebapps [土 5 22 22:43:10 JST 2021]
情報: コマンドライン引数:       -Djava.endorsed.dirs=D:\Users\xyst\Desktop\pleiades\tomcat\8\endorsed [土 5 22 22:43:10 JST 2021]
情報: コマンドライン引数:       -Dfile.encoding=UTF-8 [土 5 22 22:43:10 JST 2021]
情報: 商用環境に最適な性能を発揮する APR ベースの Tomcat ネイティブライブラリが java.library.path [D:\Users\xyst\Desktop\pleiades\java\8\bin;C:\WINDOWS\Sun\Java\bin;C:\WINDOWS\system32;C:\WINDOWS;D:/Users/xyst/Desktop/pleiades/eclipse//jre/bin/server;D:/Users/xyst/Desktop/pleiades/eclipse//jre/bin;C:\Program Files\Common Files\Oracle\Java\javapath;C:\Windows\system32;C:\Windows;C:\Windows\System32\Wbem;C:\Windows\System32\WindowsPowerShell\v1.0\;C:\Program Files (x86)\QuickTime\QTSystem\;C:\Program Files (x86)\NVIDIA Corporation\PhysX\Common;C:\Program Files\NVIDIA Corporation\NVIDIA NvDLISR;C:\java\jdk-11.0.1\bin;C:\Program Files\NVIDIA Corporation\NVIDIA NGX;C:\WINDOWS\system32;C:\WINDOWS;C:\WINDOWS\System32\Wbem;C:\WINDOWS\System32\WindowsPowerShell\v1.0\;C:\WINDOWS\System32\OpenSSH\;C:\Program Files\Java\jdk-15.0.2\bin;C:\Program Files\Git\cmd;C:\Users\xyst\AppData\Local\Microsoft\WindowsApps;C:\Users\xyst\AppData\Local\GitHubDesktop\bin;C:\Users\xyst\AppData\Local\Microsoft\WindowsApps;;C:\Users\xyst\AppData\Local\Programs\Microsoft VS Code\bin;D:\Users\xyst\Desktop\pleiades\eclipse;;.] に存在しません。 [土 5 22 22:43:10 JST 2021]
情報: プロトコルハンドラ ["http-nio-8080"] を初期化します。 [土 5 22 22:43:10 JST 2021]
情報: Using a shared selector for servlet write/read [土 5 22 22:43:10 JST 2021]
情報: プロトコルハンドラ ["ajp-nio-127.0.0.1-8009"] を初期化します。 [土 5 22 22:43:10 JST 2021]
情報: Using a shared selector for servlet write/read [土 5 22 22:43:10 JST 2021]
情報: Initialization processed in 1621 ms [土 5 22 22:43:10 JST 2021]
情報: サービス [Catalina] を起動します [土 5 22 22:43:11 JST 2021]
情報: Starting Servlet Engine: Apache Tomcat/8.5.64 [土 5 22 22:43:11 JST 2021]
情報: 少なくとも1つのJARが、まだTLDを含んでいないTLDについてスキャンされました。 スキャンしたが、そこにTLDが見つからなかったJARの完全なリストについては、このロガーのデバッグログを有効にしてください。 スキャン中に不要なJARをスキップすると、起動時間とJSPのコンパイル時間が改善されます。 [土 5 22 22:43:11 JST 2021]
情報: 少なくとも1つのJARが、まだTLDを含んでいないTLDについてスキャンされました。 スキャンしたが、そこにTLDが見つからなかったJARの完全なリストについては、このロガーのデバッグログを有効にしてください。 スキャン中に不要なJARをスキップすると、起動時間とJSPのコンパイル時間が改善されます。 [土 5 22 22:43:11 JST 2021]
情報: 少なくとも1つのJARが、まだTLDを含んでいないTLDについてスキャンされました。 スキャンしたが、そこにTLDが見つからなかったJARの完全なリストについては、このロガーのデバッグログを有効にしてください。 スキャン中に不要なJARをスキップすると、起動時間とJSPのコンパイル時間が改善されます。 [土 5 22 22:43:11 JST 2021]
情報: プロトコルハンドラー ["http-nio-8080"] を開始しました。 [土 5 22 22:43:11 JST 2021]
重大: Failed to start connector [Connector[AJP/1.3-8009]] [土 5 22 22:43:11 JST 2021]
情報: Server startup in 782 ms [土 5 22 22:43:11 JST 2021]
